{
  "RSpec": {
    "coverage": {
      "/Users/danielhongel/Desktop/specialty_store/spec/features/product_routes_spec.rb": [
        1,
        null,
        1,
        null,
        1,
        1,
        1,
        1,
        null,
        null,
        1,
        1,
        1,
        1,
        1,
        1,
        1,
        null,
        null,
        1,
        1,
        1,
        1,
        1,
        1,
        null,
        null,
        1,
        1,
        1,
        1,
        1,
        1,
        1,
        1,
        1,
        1,
        null,
        null,
        null,
        null,
        null,
        null,
        1,
        1,
        1,
        1,
        1,
        1,
        null,
        1,
        null,
        null,
        null
      ],
      "/Users/danielhongel/Desktop/specialty_store/spec/rails_helper.rb": [
        null,
        1,
        1,
        1,
        null,
        1,
        1,
        null,
        null,
        null,
        null,
        null,
        null,
        null,
        null,
        null,
        null,
        null,
        null,
        null,
        null,
        null,
        null,
        null,
        null,
        null,
        1,
        1,
        null,
        0,
        0,
        null,
        1,
        null,
        1,
        null,
        null,
        null,
        null,
        1,
        null,
        null,
        null,
        null,
        null,
        null,
        null,
        null,
        null,
        null,
        null,
        null,
        null,
        null,
        1,
        null,
        null,
        1,
        null,
        null,
        null,
        null,
        1,
        1,
        1,
        1,
        null,
        null
      ],
      "/Users/danielhongel/Desktop/specialty_store/config/environment.rb": [
        null,
        1,
        null,
        null,
        1
      ],
      "/Users/danielhongel/Desktop/specialty_store/config/application.rb": [
        1,
        null,
        1,
        null,
        1,
        1,
        1,
        1,
        1,
        1,
        1,
        1,
        1,
        null,
        null,
        null,
        null,
        1,
        null,
        1,
        1,
        null,
        1,
        null,
        null,
        null,
        null,
        null,
        null,
        null,
        1,
        null,
        null
      ],
      "/Users/danielhongel/Desktop/specialty_store/config/boot.rb": [
        1,
        null,
        1,
        1
      ],
      "/Users/danielhongel/Desktop/specialty_store/config/environments/test.rb": [
        1,
        null,
        null,
        null,
        null,
        null,
        null,
        1,
        null,
        null,
        null,
        null,
        1,
        null,
        null,
        1,
        1,
        null,
        null,
        null,
        null,
        1,
        1,
        null,
        null,
        1,
        null,
        null,
        1,
        null,
        null,
        1,
        null,
        1,
        null,
        null,
        null,
        null,
        1,
        null,
        null,
        1,
        null,
        null,
        null,
        null
      ],
      "/Users/danielhongel/Desktop/specialty_store/config/initializers/application_controller_renderer.rb": [
        null,
        null,
        null,
        null,
        null,
        null,
        null,
        null
      ],
      "/Users/danielhongel/Desktop/specialty_store/config/initializers/assets.rb": [
        null,
        null,
        null,
        1,
        null,
        null,
        null,
        null,
        1,
        null,
        null,
        null,
        null,
        null
      ],
      "/Users/danielhongel/Desktop/specialty_store/config/initializers/backtrace_silencers.rb": [
        null,
        null,
        null,
        null,
        null,
        null,
        null
      ],
      "/Users/danielhongel/Desktop/specialty_store/config/initializers/content_security_policy.rb": [
        null,
        null,
        null,
        null,
        null,
        null,
        null,
        null,
        null,
        null,
        null,
        null,
        null,
        null,
        null,
        null,
        null,
        null,
        null,
        null,
        null,
        null,
        null,
        null,
        null
      ],
      "/Users/danielhongel/Desktop/specialty_store/config/initializers/cookies_serializer.rb": [
        null,
        null,
        null,
        null,
        1
      ],
      "/Users/danielhongel/Desktop/specialty_store/config/initializers/filter_parameter_logging.rb": [
        null,
        null,
        null,
        1
      ],
      "/Users/danielhongel/Desktop/specialty_store/config/initializers/inflections.rb": [
        null,
        null,
        null,
        null,
        null,
        null,
        null,
        null,
        null,
        null,
        null,
        null,
        null,
        null,
        null,
        null
      ],
      "/Users/danielhongel/Desktop/specialty_store/config/initializers/mime_types.rb": [
        null,
        null,
        null,
        null
      ],
      "/Users/danielhongel/Desktop/specialty_store/config/initializers/wrap_parameters.rb": [
        null,
        null,
        null,
        null,
        null,
        null,
        1,
        2,
        null,
        null,
        null,
        null,
        null,
        null
      ],
      "/Users/danielhongel/Desktop/specialty_store/app/channels/application_cable/channel.rb": [
        1,
        1,
        null,
        null
      ],
      "/Users/danielhongel/Desktop/specialty_store/app/channels/application_cable/connection.rb": [
        1,
        1,
        null,
        null
      ],
      "/Users/danielhongel/Desktop/specialty_store/app/controllers/application_controller.rb": [
        1,
        null
      ],
      "/Users/danielhongel/Desktop/specialty_store/app/helpers/application_helper.rb": [
        1,
        null
      ],
      "/Users/danielhongel/Desktop/specialty_store/app/helpers/site_pages_helper.rb": [
        1,
        null
      ],
      "/Users/danielhongel/Desktop/specialty_store/app/controllers/products_controller.rb": [
        1,
        null,
        1,
        4,
        4,
        null,
        null,
        1,
        1,
        1,
        null,
        null,
        1,
        1,
        1,
        1,
        1,
        null,
        0,
        0,
        null,
        null,
        null,
        1,
        1,
        1,
        null,
        null,
        1,
        7,
        7,
        null,
        null,
        1,
        1,
        1,
        1,
        1,
        null,
        0,
        0,
        null,
        null,
        null,
        1,
        1,
        1,
        1,
        1,
        null,
        0,
        0,
        null,
        null,
        null,
        1,
        1,
        2,
        null,
        null,
        null
      ],
      "/Users/danielhongel/Desktop/specialty_store/app/controllers/reviews_controller.rb": [
        1,
        null,
        1,
        1,
        1,
        1,
        null,
        null,
        1,
        1,
        1,
        1,
        1,
        1,
        null,
        0,
        0,
        null,
        null,
        null,
        1,
        3,
        3,
        3,
        null,
        null,
        1,
        1,
        1,
        1,
        1,
        null,
        0,
        0,
        null,
        null,
        null,
        1,
        1,
        1,
        1,
        null,
        null,
        1,
        1,
        1,
        1,
        1,
        null,
        0,
        0,
        null,
        null,
        null,
        null,
        1,
        1,
        2,
        null,
        null,
        null
      ],
      "/Users/danielhongel/Desktop/specialty_store/app/controllers/site_pages_controller.rb": [
        1,
        1,
        1,
        1,
        null,
        null
      ],
      "/Users/danielhongel/Desktop/specialty_store/app/jobs/application_job.rb": [
        1,
        null
      ],
      "/Users/danielhongel/Desktop/specialty_store/app/mailers/application_mailer.rb": [
        1,
        1,
        1,
        null
      ],
      "/Users/danielhongel/Desktop/specialty_store/app/models/application_record.rb": [
        1,
        1,
        null
      ],
      "/Users/danielhongel/Desktop/specialty_store/app/models/product.rb": [
        1,
        1,
        null,
        1,
        1,
        1,
        null,
        null,
        2,
        null,
        1,
        1,
        1,
        null,
        1,
        null,
        1,
        1,
        17,
        null,
        null
      ],
      "/Users/danielhongel/Desktop/specialty_store/app/models/review.rb": [
        1,
        1,
        null,
        1,
        1,
        1,
        1,
        1,
        1,
        1,
        null,
        null,
        null,
        null
      ],
      "/Users/danielhongel/Desktop/specialty_store/config/routes.rb": [
        1,
        1,
        null,
        1,
        1,
        null,
        null,
        null,
        null
      ],
      "/Users/danielhongel/Desktop/specialty_store/spec/features/review_routes_spec.rb": [
        1,
        null,
        1,
        null,
        1,
        1,
        1,
        1,
        1,
        1,
        1,
        1,
        null,
        null,
        1,
        1,
        1,
        1,
        1,
        1,
        1,
        1,
        1,
        1,
        1,
        null,
        null,
        1,
        1,
        1,
        1,
        1,
        1,
        1,
        1,
        null,
        null,
        1,
        1,
        1,
        1,
        1,
        1,
        1,
        1,
        null,
        null,
        1,
        1,
        1,
        1,
        1,
        1,
        1,
        1,
        1,
        1,
        1,
        1,
        1,
        null,
        null,
        1,
        1,
        1,
        1,
        1,
        1,
        1,
        1,
        1,
        null,
        null,
        null,
        null
      ],
      "/Users/danielhongel/Desktop/specialty_store/spec/features/site_pages_spec.rb": [
        1,
        null,
        1,
        1,
        1,
        1,
        null,
        null
      ],
      "/Users/danielhongel/Desktop/specialty_store/spec/helpers/site_pages_helper_spec.rb": [
        1,
        null,
        null,
        null,
        null,
        null,
        null,
        null,
        null,
        null,
        null,
        null,
        null,
        null,
        null
      ],
      "/Users/danielhongel/Desktop/specialty_store/spec/models/product_spec.rb": [
        1,
        null,
        1,
        null,
        2,
        null,
        2,
        2,
        2,
        null,
        null,
        1,
        1,
        1,
        null,
        null
      ],
      "/Users/danielhongel/Desktop/specialty_store/spec/models/review_spec.rb": [
        1,
        null,
        1,
        null,
        2,
        2,
        2,
        2,
        2,
        2,
        2,
        null,
        null
      ]
    },
    "timestamp": 1566790947
  }
}
